2025-05-16 16:34:46,501 - telethon.network.mtprotosender - INFO - Connecting to 149.154.167.91:443/TcpFull...
2025-05-16 16:34:46,574 - telethon.network.mtprotosender - INFO - Connection to 149.154.167.91:443/TcpFull complete!
2025-05-16 16:34:47,274 - __main__ - INFO - Client Created and Connected Successfully!
2025-05-16 16:34:47,358 - __main__ - INFO - Successfully connected as: Mohamed (@mohamedalcafory)
2025-05-16 16:34:48,366 - __main__ - INFO - Accessing channel: @muthanapress84
2025-05-16 16:34:48,679 - __main__ - INFO - Time range: since 2023-01-01 and before 2023-03-31
2025-05-16 16:34:49,234 - __main__ - INFO - Saved batch 1 (100 messages)
2025-05-16 16:34:51,826 - __main__ - INFO - Saved batch 2 (100 messages)
2025-05-16 16:34:54,108 - __main__ - INFO - Saved batch 3 (100 messages)
2025-05-16 16:34:55,888 - __main__ - INFO - Saved batch 4 (100 messages)
2025-05-16 16:34:57,441 - __main__ - INFO - Saved batch 5 (100 messages)
2025-05-16 16:34:59,092 - __main__ - INFO - Saved batch 6 (100 messages)
2025-05-16 16:35:02,479 - __main__ - INFO - Saved batch 7 (100 messages)
2025-05-16 16:35:02,855 - telethon.network.mtprotosender - INFO - Disconnecting from 149.154.167.91:443/TcpFull...
2025-05-16 16:35:02,858 - telethon.network.mtprotosender - INFO - Disconnection from 149.154.167.91:443/TcpFull complete!
2025-05-16 16:35:54,315 - telethon.network.mtprotosender - INFO - Connecting to 149.154.167.91:443/TcpFull...
2025-05-16 16:35:54,385 - telethon.network.mtprotosender - INFO - Connection to 149.154.167.91:443/TcpFull complete!
2025-05-16 16:35:54,953 - __main__ - INFO - Client Created and Connected Successfully!
2025-05-16 16:35:55,036 - __main__ - INFO - Successfully connected as: Mohamed (@mohamedalcafory)
2025-05-16 16:35:56,051 - __main__ - INFO - Accessing channel: @muthanapress84
2025-05-16 16:35:56,152 - __main__ - INFO - Time range: since 2025-01-01 and before 2025-05-31
2025-05-16 16:35:56,565 - __main__ - INFO - Saved batch 1 (100 messages)
2025-05-16 16:35:59,504 - __main__ - INFO - Saved batch 2 (100 messages)
2025-05-16 16:36:02,229 - __main__ - INFO - Saved batch 3 (100 messages)
2025-05-16 16:36:04,018 - __main__ - INFO - Saved batch 4 (100 messages)
2025-05-16 16:36:06,602 - __main__ - INFO - Saved batch 5 (100 messages)
2025-05-16 16:36:08,716 - __main__ - INFO - Saved batch 6 (100 messages)
2025-05-16 16:36:10,732 - __main__ - INFO - Saved batch 7 (100 messages)
2025-05-16 16:36:13,409 - __main__ - INFO - Saved batch 8 (100 messages)
2025-05-16 16:36:16,196 - __main__ - INFO - Saved batch 9 (100 messages)
2025-05-16 16:36:19,240 - __main__ - INFO - Saved batch 10 (100 messages)
2025-05-16 16:36:21,824 - __main__ - INFO - Saved batch 11 (100 messages)
2025-05-16 16:36:24,003 - __main__ - INFO - Saved batch 12 (100 messages)
2025-05-16 16:36:26,159 - __main__ - INFO - Saved batch 13 (100 messages)
2025-05-16 16:36:28,957 - __main__ - INFO - Saved batch 14 (100 messages)
2025-05-16 16:36:32,194 - __main__ - INFO - Saved batch 15 (100 messages)
2025-05-16 16:36:33,924 - __main__ - INFO - Saved batch 16 (100 messages)
2025-05-16 16:36:36,572 - __main__ - INFO - Saved batch 17 (100 messages)
2025-05-16 16:36:38,712 - __main__ - INFO - Saved batch 18 (100 messages)
2025-05-16 16:36:40,998 - __main__ - INFO - Saved batch 19 (100 messages)
2025-05-16 16:36:44,225 - __main__ - INFO - Saved batch 20 (100 messages)
2025-05-16 16:36:46,584 - __main__ - INFO - Saved batch 21 (100 messages)
2025-05-16 16:36:48,192 - __main__ - INFO - Saved batch 22 (100 messages)
2025-05-16 16:36:50,950 - __main__ - INFO - Saved batch 23 (100 messages)
2025-05-16 16:36:54,095 - __main__ - INFO - Saved batch 24 (100 messages)
2025-05-16 16:36:57,186 - __main__ - INFO - Saved batch 25 (100 messages)
2025-05-16 16:36:59,060 - __main__ - INFO - Saved batch 26 (100 messages)
2025-05-16 16:37:01,646 - __main__ - INFO - Saved batch 27 (100 messages)
2025-05-16 16:37:04,964 - __main__ - INFO - Saved batch 28 (100 messages)
2025-05-16 16:37:08,160 - __main__ - INFO - Saved batch 29 (100 messages)
2025-05-16 16:37:11,152 - __main__ - INFO - Saved batch 30 (100 messages)
2025-05-16 16:37:13,887 - __main__ - INFO - Saved batch 31 (100 messages)
2025-05-16 16:37:15,662 - __main__ - INFO - Saved batch 32 (100 messages)
2025-05-16 16:37:19,163 - __main__ - INFO - Saved batch 33 (100 messages)
2025-05-16 16:37:21,079 - __main__ - INFO - Saved batch 34 (100 messages)
2025-05-16 16:37:24,397 - __main__ - INFO - Saved batch 35 (100 messages)
2025-05-16 16:37:26,100 - __main__ - INFO - Saved batch 36 (100 messages)
2025-05-16 16:37:28,908 - __main__ - INFO - Saved batch 37 (100 messages)
2025-05-16 16:37:31,242 - __main__ - INFO - Saved batch 38 (100 messages)
2025-05-16 16:37:33,408 - __main__ - INFO - Saved batch 39 (100 messages)
2025-05-16 16:37:36,048 - __main__ - INFO - Saved batch 40 (100 messages)
2025-05-16 16:37:37,857 - __main__ - INFO - Saved batch 41 (100 messages)
2025-05-16 16:37:41,457 - __main__ - INFO - Saved batch 42 (100 messages)
2025-05-16 16:37:43,367 - __main__ - INFO - Saved batch 43 (100 messages)
2025-05-16 16:37:46,641 - __main__ - INFO - Saved batch 44 (100 messages)
2025-05-16 16:37:49,872 - __main__ - INFO - Saved batch 45 (100 messages)
2025-05-16 16:37:51,995 - __main__ - INFO - Saved batch 46 (100 messages)
2025-05-16 16:37:54,815 - __main__ - INFO - Saved batch 47 (100 messages)
2025-05-16 16:37:57,851 - __main__ - INFO - Saved batch 48 (100 messages)
2025-05-16 16:38:00,932 - __main__ - INFO - Saved batch 49 (100 messages)
2025-05-16 16:38:03,566 - __main__ - INFO - Saved batch 50 (100 messages)
2025-05-16 16:38:06,906 - __main__ - INFO - Saved batch 51 (100 messages)
2025-05-16 16:38:10,320 - __main__ - INFO - Saved batch 52 (100 messages)
2025-05-16 16:38:12,664 - __main__ - INFO - Saved batch 53 (100 messages)
2025-05-16 16:38:16,184 - __main__ - INFO - Saved batch 54 (100 messages)
2025-05-16 16:38:19,081 - __main__ - INFO - Saved batch 55 (100 messages)
2025-05-16 16:38:21,762 - __main__ - INFO - Saved batch 56 (100 messages)
2025-05-16 16:38:24,124 - __main__ - INFO - Saved batch 57 (100 messages)
2025-05-16 16:38:26,990 - __main__ - INFO - Saved batch 58 (100 messages)
2025-05-16 16:38:29,341 - __main__ - INFO - Saved batch 59 (100 messages)
2025-05-16 16:38:31,837 - __main__ - INFO - Saved batch 60 (100 messages)
2025-05-16 16:38:34,703 - __main__ - INFO - Saved batch 61 (100 messages)
2025-05-16 16:38:38,078 - __main__ - INFO - Saved batch 62 (100 messages)
2025-05-16 16:38:40,415 - __main__ - INFO - Saved batch 63 (100 messages)
2025-05-16 16:38:43,052 - __main__ - INFO - Saved batch 64 (100 messages)
2025-05-16 16:38:45,962 - __main__ - INFO - Saved batch 65 (100 messages)
2025-05-16 16:38:48,020 - __main__ - INFO - Saved batch 66 (100 messages)
2025-05-16 16:38:51,457 - __main__ - INFO - Saved batch 67 (100 messages)
2025-05-16 16:38:53,406 - __main__ - INFO - Saved batch 68 (100 messages)
2025-05-16 16:38:56,650 - __main__ - INFO - Saved batch 69 (100 messages)
2025-05-16 16:38:59,752 - __main__ - INFO - Saved batch 70 (100 messages)
2025-05-16 16:39:03,019 - __main__ - INFO - Saved batch 71 (100 messages)
2025-05-16 16:39:06,598 - __main__ - INFO - Saved batch 72 (100 messages)
2025-05-16 16:39:09,940 - __main__ - INFO - Saved batch 73 (100 messages)
2025-05-16 16:39:12,956 - __main__ - INFO - Saved batch 74 (100 messages)
2025-05-16 16:39:16,243 - __main__ - INFO - Saved batch 75 (100 messages)
2025-05-16 16:39:19,363 - __main__ - INFO - Saved batch 76 (100 messages)
2025-05-16 16:39:21,219 - __main__ - INFO - Saved batch 77 (100 messages)
2025-05-16 16:39:24,634 - __main__ - INFO - Saved batch 78 (100 messages)
2025-05-16 16:39:27,367 - __main__ - INFO - Saved batch 79 (100 messages)
2025-05-16 16:39:30,395 - __main__ - INFO - Saved batch 80 (100 messages)
2025-05-16 16:39:32,465 - __main__ - INFO - Saved batch 81 (100 messages)
2025-05-16 16:39:35,703 - __main__ - INFO - Saved batch 82 (100 messages)
2025-05-16 16:39:38,219 - __main__ - INFO - Saved batch 83 (100 messages)
2025-05-16 16:39:40,685 - __main__ - INFO - Saved batch 84 (100 messages)
2025-05-16 16:39:42,512 - __main__ - INFO - Saved batch 85 (100 messages)
2025-05-16 16:39:45,326 - __main__ - INFO - Saved batch 86 (100 messages)
2025-05-16 16:39:47,703 - __main__ - INFO - Saved batch 87 (100 messages)
2025-05-16 16:39:49,549 - __main__ - INFO - Saved batch 88 (100 messages)
2025-05-16 16:39:52,893 - __main__ - INFO - Saved batch 89 (100 messages)
2025-05-16 16:39:54,898 - __main__ - INFO - Saved batch 90 (100 messages)
2025-05-16 16:39:57,851 - __main__ - INFO - Saved batch 91 (100 messages)
2025-05-16 16:39:59,261 - __main__ - INFO - Saved batch 92 (100 messages)
2025-05-16 16:40:02,343 - __main__ - INFO - Reached start date boundary. Stopping.
2025-05-16 16:40:02,345 - __main__ - INFO - Saved final batch (15 messages)
2025-05-16 16:40:02,346 - __main__ - INFO - Finished scraping. Retrieved 9215 messages total.
2025-05-16 16:40:02,346 - __main__ - INFO - Data saved to: C:\Users\MohamedAlcafory\Desktop\TeleScrape\muthanapress84_messages.csv
2025-05-16 16:40:02,433 - telethon.network.mtprotosender - INFO - Disconnecting from 149.154.167.91:443/TcpFull...
2025-05-16 16:40:02,435 - telethon.network.mtprotosender - INFO - Disconnection from 149.154.167.91:443/TcpFull complete!
2025-05-16 16:40:02,451 - __main__ - INFO - Script finished.
